<?xml version="1.0" encoding="UTF-8"?>
<!-- Generated by org.testng.reporters.JUnitReportReporter -->
<testsuite hostname="OZL4909W" failures="0" tests="3" name="com.qa.crmpro.tests.HomePageTest" time="7.698" errors="0" timestamp="2022-01-17T19:59:11 IST" skipped="0">
  <testcase classname="com.qa.crmpro.tests.HomePageTest" name="verifyHomePageTitle" time="0.005"/>
  <system-out/>
  <testcase classname="com.qa.crmpro.tests.HomePageTest" name="verifyLoggedInUser" time="2.609"/>
  <system-out/>
  <testcase classname="com.qa.crmpro.tests.HomePageTest" name="verifyHomePageHeader" time="5.084"/>
  <system-out/>
</testsuite> <!-- com.qa.crmpro.tests.HomePageTest -->
