<?xml version="1.0" encoding="UTF-8"?>
<!-- Generated by org.testng.reporters.JUnitReportReporter -->
<testsuite hostname="OZL4909W" failures="0" tests="3" name="com.qa.crmpro.tests.HomePageTest" time="2.548" errors="0" timestamp="2022-01-11T10:37:08 IST" skipped="0">
  <testcase classname="com.qa.crmpro.tests.HomePageTest" name="verifyHomePageHeader" time="2.494"/>
  <system-out/>
  <testcase classname="com.qa.crmpro.tests.HomePageTest" name="verifyHomePageTitle" time="0.008"/>
  <system-out/>
  <testcase classname="com.qa.crmpro.tests.HomePageTest" name="verifyLoggedInUser" time="0.046"/>
  <system-out/>
</testsuite> <!-- com.qa.crmpro.tests.HomePageTest -->
